<?xml version="1.0" encoding="UTF-8"?>
<!-- Generated by org.testng.reporters.JUnitReportReporter -->
<testsuite hostname="Ovi" failures="0" tests="2" name="com.testNGAnnotation.AnnotationExecuation" time="0.018" errors="0" timestamp="03 May 2023 01:19:37 GMT" skipped="0">
  <testcase classname="com.testNGAnnotation.AnnotationExecuation" name="getTest2" time="0.002"/>
  <testcase classname="com.testNGAnnotation.AnnotationExecuation" name="getTest1" time="0.016"/>
</testsuite> <!-- com.testNGAnnotation.AnnotationExecuation -->
