<?xml version="1.0" encoding="UTF-8"?>
<!-- Generated by org.testng.reporters.JUnitReportReporter -->
<testsuite hostname="Ovi" failures="0" tests="10" name="com.testNGAnnotation.InvocationCountTest" time="0.019" errors="0" timestamp="05 May 2023 02:42:32 GMT" skipped="0">
  <testcase classname="com.testNGAnnotation.InvocationCountTest" name="gettest" time="0.001"/>
  <testcase classname="com.testNGAnnotation.InvocationCountTest" name="gettest" time="0.002"/>
  <testcase classname="com.testNGAnnotation.InvocationCountTest" name="gettest" time="0.009"/>
  <testcase classname="com.testNGAnnotation.InvocationCountTest" name="gettest" time="0.001"/>
  <testcase classname="com.testNGAnnotation.InvocationCountTest" name="gettest" time="0.001"/>
  <testcase classname="com.testNGAnnotation.InvocationCountTest" name="gettest" time="0.001"/>
  <testcase classname="com.testNGAnnotation.InvocationCountTest" name="gettest" time="0.001"/>
  <testcase classname="com.testNGAnnotation.InvocationCountTest" name="gettest" time="0.001"/>
  <testcase classname="com.testNGAnnotation.InvocationCountTest" name="gettest" time="0.001"/>
  <testcase classname="com.testNGAnnotation.InvocationCountTest" name="gettest" time="0.001"/>
</testsuite> <!-- com.testNGAnnotation.InvocationCountTest -->
