<?xml version="1.0" encoding="UTF-8"?>
<!-- Generated by org.testng.reporters.JUnitReportReporter -->
<testsuite hostname="Ovi" failures="0" tests="4" name="com.testNGAnnotation.DataProvidertest" time="16.632" errors="0" timestamp="05 May 2023 02:34:07 GMT" skipped="0">
  <testcase classname="com.testNGAnnotation.DataProvidertest" name="getLogin" time="3.923"/>
  <testcase classname="com.testNGAnnotation.DataProvidertest" name="getLogin" time="4.666"/>
  <testcase classname="com.testNGAnnotation.DataProvidertest" name="getLogin" time="4.092"/>
  <testcase classname="com.testNGAnnotation.DataProvidertest" name="getLogin" time="3.951"/>
</testsuite> <!-- com.testNGAnnotation.DataProvidertest -->
