<?xml version="1.0" encoding="UTF-8"?>
<!-- Generated by org.testng.reporters.JUnitReportReporter -->
<testsuite hostname="Ovi" failures="0" tests="4" name="com.testNGAnnotation.ParallalTesting" time="21.274" errors="0" timestamp="03 May 2023 02:39:57 GMT" skipped="0">
  <testcase classname="com.testNGAnnotation.ParallalTesting" name="getOpenBrowserNode2" time="6.263"/>
  <testcase classname="com.testNGAnnotation.ParallalTesting" name="getOpenBrowserNode4" time="2.353"/>
  <testcase classname="com.testNGAnnotation.ParallalTesting" name="getOpenBrowserNode1" time="6.310"/>
  <testcase classname="com.testNGAnnotation.ParallalTesting" name="getOpenBrowserNode3" time="6.348"/>
</testsuite> <!-- com.testNGAnnotation.ParallalTesting -->
